<?xml version="1.0" encoding="UTF-8"?>
<!-- Generated by org.testng.reporters.JUnitReportReporter -->
<testsuite hostname="DESKTOP-LP58UQO" failures="0" tests="2" name="Footware_Billing.artifact.ParameterTest" time="10.224" errors="0" timestamp="2026-04-09T18:17:58 IST" skipped="0">
  <testcase classname="Footware_Billing.artifact.ParameterTest" name="browserselection2" time="4.260"/>
  <testcase classname="Footware_Billing.artifact.ParameterTest" name="browserselection" time="5.964"/>
</testsuite> <!-- Footware_Billing.artifact.ParameterTest -->
